INFO 2023-09-24 20:46:18,992 autoreload 17816 18540 Watching for file changes with StatReloader
INFO 2023-09-24 20:46:24,332 basehttp 17816 19628 "GET / HTTP/1.1" 200 309
INFO 2023-09-24 21:00:50,577 autoreload 19592 19820 Watching for file changes with StatReloader
INFO 2023-09-24 21:06:07,245 autoreload 19592 19820 D:\GB_Django\lectures_project\lec_05\urls.py changed, reloading.
INFO 2023-09-24 21:06:09,457 autoreload 18956 15964 Watching for file changes with StatReloader
INFO 2023-09-24 21:06:13,638 basehttp 18956 10116 "GET / HTTP/1.1" 200 309
INFO 2023-09-24 21:06:24,189 basehttp 18956 10116 "GET / HTTP/1.1" 200 309
INFO 2023-09-24 21:06:37,836 basehttp 18956 10116 "GET /admin/ HTTP/1.1" 302 0
INFO 2023-09-24 21:06:37,865 basehttp 18956 10116 "GET /admin/login/?next=/admin/ HTTP/1.1" 200 4181
INFO 2023-09-24 21:06:50,114 basehttp 18956 10116 "POST /admin/login/?next=/admin/ HTTP/1.1" 200 4342
INFO 2023-09-24 21:07:58,249 autoreload 18956 15964 D:\GB_Django\lectures_project\lectures_project\settings.py changed, reloading.
INFO 2023-09-24 21:07:58,842 autoreload 17888 18540 Watching for file changes with StatReloader
INFO 2023-09-24 21:08:12,390 basehttp 17888 18928 "POST /admin/login/?next=/admin/ HTTP/1.1" 200 4534
INFO 2023-09-24 21:27:13,367 autoreload 10340 8740 Watching for file changes with StatReloader
INFO 2023-09-24 21:27:16,701 basehttp 10340 8640 "GET / HTTP/1.1" 200 309
INFO 2023-09-24 21:27:24,512 basehttp 10340 8640 "GET /admin/ HTTP/1.1" 302 0
INFO 2023-09-24 21:27:24,539 basehttp 10340 8640 "GET /admin/login/?next=/admin/ HTTP/1.1" 200 4267
ERROR 2023-09-24 21:27:37,378 log 10340 8640 Internal Server Error: /admin/login/
Traceback (most recent call last):
  File "D:\GB_Django\.venv\Lib\site-packages\django\db\backends\base\base.py", line 313, in _commit
    return self.connection.commit()
           ^^^^^^^^^^^^^^^^^^^^^^^^
sqlite3.OperationalError: database is locked

The above exception was the direct cause of the following exception:

Traceback (most recent call last):
  File "D:\GB_Django\.venv\Lib\site-packages\django\core\handlers\exception.py", line 55, in inner
    response = get_response(request)
               ^^^^^^^^^^^^^^^^^^^^^
  File "D:\GB_Django\.venv\Lib\site-packages\django\core\handlers\base.py", line 197, in _get_response
    response = wrapped_callback(request, *callback_args, **callback_kwargs)
               ^^^^^^^^^^^^^^^^^^^^^^^^^^^^^^^^^^^^^^^^^^^^^^^^^^^^^^^^^^^^
  File "D:\GB_Django\.venv\Lib\site-packages\django\utils\decorators.py", line 46, in _wrapper
    return bound_method(*args, **kwargs)
           ^^^^^^^^^^^^^^^^^^^^^^^^^^^^^
  File "D:\GB_Django\.venv\Lib\site-packages\django\views\decorators\cache.py", line 62, in _wrapper_view_func
    response = view_func(request, *args, **kwargs)
               ^^^^^^^^^^^^^^^^^^^^^^^^^^^^^^^^^^^
  File "D:\GB_Django\.venv\Lib\site-packages\django\contrib\admin\sites.py", line 441, in login
    return LoginView.as_view(**defaults)(request)
           ^^^^^^^^^^^^^^^^^^^^^^^^^^^^^^^^^^^^^^
  File "D:\GB_Django\.venv\Lib\site-packages\django\views\generic\base.py", line 104, in view
    return self.dispatch(request, *args, **kwargs)
           ^^^^^^^^^^^^^^^^^^^^^^^^^^^^^^^^^^^^^^^
  File "D:\GB_Django\.venv\Lib\site-packages\django\utils\decorators.py", line 46, in _wrapper
    return bound_method(*args, **kwargs)
           ^^^^^^^^^^^^^^^^^^^^^^^^^^^^^
  File "D:\GB_Django\.venv\Lib\site-packages\django\views\decorators\debug.py", line 92, in sensitive_post_parameters_wrapper
    return view(request, *args, **kwargs)
           ^^^^^^^^^^^^^^^^^^^^^^^^^^^^^^
  File "D:\GB_Django\.venv\Lib\site-packages\django\utils\decorators.py", line 46, in _wrapper
    return bound_method(*args, **kwargs)
           ^^^^^^^^^^^^^^^^^^^^^^^^^^^^^
  File "D:\GB_Django\.venv\Lib\site-packages\django\utils\decorators.py", line 134, in _wrapper_view
    response = view_func(request, *args, **kwargs)
               ^^^^^^^^^^^^^^^^^^^^^^^^^^^^^^^^^^^
  File "D:\GB_Django\.venv\Lib\site-packages\django\utils\decorators.py", line 46, in _wrapper
    return bound_method(*args, **kwargs)
           ^^^^^^^^^^^^^^^^^^^^^^^^^^^^^
  File "D:\GB_Django\.venv\Lib\site-packages\django\views\decorators\cache.py", line 62, in _wrapper_view_func
    response = view_func(request, *args, **kwargs)
               ^^^^^^^^^^^^^^^^^^^^^^^^^^^^^^^^^^^
  File "D:\GB_Django\.venv\Lib\site-packages\django\contrib\auth\views.py", line 90, in dispatch
    return super().dispatch(request, *args, **kwargs)
           ^^^^^^^^^^^^^^^^^^^^^^^^^^^^^^^^^^^^^^^^^^
  File "D:\GB_Django\.venv\Lib\site-packages\django\views\generic\base.py", line 143, in dispatch
    return handler(request, *args, **kwargs)
           ^^^^^^^^^^^^^^^^^^^^^^^^^^^^^^^^^
  File "D:\GB_Django\.venv\Lib\site-packages\django\views\generic\edit.py", line 153, in post
    return self.form_valid(form)
           ^^^^^^^^^^^^^^^^^^^^^
  File "D:\GB_Django\.venv\Lib\site-packages\django\contrib\auth\views.py", line 109, in form_valid
    auth_login(self.request, form.get_user())
  File "D:\GB_Django\.venv\Lib\site-packages\django\contrib\auth\__init__.py", line 118, in login
    request.session.cycle_key()
  File "D:\GB_Django\.venv\Lib\site-packages\django\contrib\sessions\backends\base.py", line 304, in cycle_key
    self.create()
  File "D:\GB_Django\.venv\Lib\site-packages\django\contrib\sessions\backends\db.py", line 54, in create
    self.save(must_create=True)
  File "D:\GB_Django\.venv\Lib\site-packages\django\contrib\sessions\backends\db.py", line 85, in save
    with transaction.atomic(using=using):
  File "D:\GB_Django\.venv\Lib\site-packages\django\db\transaction.py", line 263, in __exit__
    connection.commit()
  File "D:\GB_Django\.venv\Lib\site-packages\django\utils\asyncio.py", line 26, in inner
    return func(*args, **kwargs)
           ^^^^^^^^^^^^^^^^^^^^^
  File "D:\GB_Django\.venv\Lib\site-packages\django\db\backends\base\base.py", line 337, in commit
    self._commit()
  File "D:\GB_Django\.venv\Lib\site-packages\django\db\backends\base\base.py", line 312, in _commit
    with debug_transaction(self, "COMMIT"), self.wrap_database_errors:
  File "D:\GB_Django\.venv\Lib\site-packages\django\db\utils.py", line 91, in __exit__
    raise dj_exc_value.with_traceback(traceback) from exc_value
  File "D:\GB_Django\.venv\Lib\site-packages\django\db\backends\base\base.py", line 313, in _commit
    return self.connection.commit()
           ^^^^^^^^^^^^^^^^^^^^^^^^
django.db.utils.OperationalError: database is locked
ERROR 2023-09-24 21:27:37,384 basehttp 10340 8640 "POST /admin/login/?next=/admin/ HTTP/1.1" 500 179521
ERROR 2023-09-24 21:27:55,443 log 10340 8640 Internal Server Error: /admin/login/
Traceback (most recent call last):
  File "D:\GB_Django\.venv\Lib\site-packages\django\db\backends\base\base.py", line 313, in _commit
    return self.connection.commit()
           ^^^^^^^^^^^^^^^^^^^^^^^^
sqlite3.OperationalError: database is locked

The above exception was the direct cause of the following exception:

Traceback (most recent call last):
  File "D:\GB_Django\.venv\Lib\site-packages\django\core\handlers\exception.py", line 55, in inner
    response = get_response(request)
               ^^^^^^^^^^^^^^^^^^^^^
  File "D:\GB_Django\.venv\Lib\site-packages\django\core\handlers\base.py", line 197, in _get_response
    response = wrapped_callback(request, *callback_args, **callback_kwargs)
               ^^^^^^^^^^^^^^^^^^^^^^^^^^^^^^^^^^^^^^^^^^^^^^^^^^^^^^^^^^^^
  File "D:\GB_Django\.venv\Lib\site-packages\django\utils\decorators.py", line 46, in _wrapper
    return bound_method(*args, **kwargs)
           ^^^^^^^^^^^^^^^^^^^^^^^^^^^^^
  File "D:\GB_Django\.venv\Lib\site-packages\django\views\decorators\cache.py", line 62, in _wrapper_view_func
    response = view_func(request, *args, **kwargs)
               ^^^^^^^^^^^^^^^^^^^^^^^^^^^^^^^^^^^
  File "D:\GB_Django\.venv\Lib\site-packages\django\contrib\admin\sites.py", line 441, in login
    return LoginView.as_view(**defaults)(request)
           ^^^^^^^^^^^^^^^^^^^^^^^^^^^^^^^^^^^^^^
  File "D:\GB_Django\.venv\Lib\site-packages\django\views\generic\base.py", line 104, in view
    return self.dispatch(request, *args, **kwargs)
           ^^^^^^^^^^^^^^^^^^^^^^^^^^^^^^^^^^^^^^^
  File "D:\GB_Django\.venv\Lib\site-packages\django\utils\decorators.py", line 46, in _wrapper
    return bound_method(*args, **kwargs)
           ^^^^^^^^^^^^^^^^^^^^^^^^^^^^^
  File "D:\GB_Django\.venv\Lib\site-packages\django\views\decorators\debug.py", line 92, in sensitive_post_parameters_wrapper
    return view(request, *args, **kwargs)
           ^^^^^^^^^^^^^^^^^^^^^^^^^^^^^^
  File "D:\GB_Django\.venv\Lib\site-packages\django\utils\decorators.py", line 46, in _wrapper
    return bound_method(*args, **kwargs)
           ^^^^^^^^^^^^^^^^^^^^^^^^^^^^^
  File "D:\GB_Django\.venv\Lib\site-packages\django\utils\decorators.py", line 134, in _wrapper_view
    response = view_func(request, *args, **kwargs)
               ^^^^^^^^^^^^^^^^^^^^^^^^^^^^^^^^^^^
  File "D:\GB_Django\.venv\Lib\site-packages\django\utils\decorators.py", line 46, in _wrapper
    return bound_method(*args, **kwargs)
           ^^^^^^^^^^^^^^^^^^^^^^^^^^^^^
  File "D:\GB_Django\.venv\Lib\site-packages\django\views\decorators\cache.py", line 62, in _wrapper_view_func
    response = view_func(request, *args, **kwargs)
               ^^^^^^^^^^^^^^^^^^^^^^^^^^^^^^^^^^^
  File "D:\GB_Django\.venv\Lib\site-packages\django\contrib\auth\views.py", line 90, in dispatch
    return super().dispatch(request, *args, **kwargs)
           ^^^^^^^^^^^^^^^^^^^^^^^^^^^^^^^^^^^^^^^^^^
  File "D:\GB_Django\.venv\Lib\site-packages\django\views\generic\base.py", line 143, in dispatch
    return handler(request, *args, **kwargs)
           ^^^^^^^^^^^^^^^^^^^^^^^^^^^^^^^^^
  File "D:\GB_Django\.venv\Lib\site-packages\django\views\generic\edit.py", line 153, in post
    return self.form_valid(form)
           ^^^^^^^^^^^^^^^^^^^^^
  File "D:\GB_Django\.venv\Lib\site-packages\django\contrib\auth\views.py", line 109, in form_valid
    auth_login(self.request, form.get_user())
  File "D:\GB_Django\.venv\Lib\site-packages\django\contrib\auth\__init__.py", line 118, in login
    request.session.cycle_key()
  File "D:\GB_Django\.venv\Lib\site-packages\django\contrib\sessions\backends\base.py", line 304, in cycle_key
    self.create()
  File "D:\GB_Django\.venv\Lib\site-packages\django\contrib\sessions\backends\db.py", line 54, in create
    self.save(must_create=True)
  File "D:\GB_Django\.venv\Lib\site-packages\django\contrib\sessions\backends\db.py", line 85, in save
    with transaction.atomic(using=using):
  File "D:\GB_Django\.venv\Lib\site-packages\django\db\transaction.py", line 263, in __exit__
    connection.commit()
  File "D:\GB_Django\.venv\Lib\site-packages\django\utils\asyncio.py", line 26, in inner
    return func(*args, **kwargs)
           ^^^^^^^^^^^^^^^^^^^^^
  File "D:\GB_Django\.venv\Lib\site-packages\django\db\backends\base\base.py", line 337, in commit
    self._commit()
  File "D:\GB_Django\.venv\Lib\site-packages\django\db\backends\base\base.py", line 312, in _commit
    with debug_transaction(self, "COMMIT"), self.wrap_database_errors:
  File "D:\GB_Django\.venv\Lib\site-packages\django\db\utils.py", line 91, in __exit__
    raise dj_exc_value.with_traceback(traceback) from exc_value
  File "D:\GB_Django\.venv\Lib\site-packages\django\db\backends\base\base.py", line 313, in _commit
    return self.connection.commit()
           ^^^^^^^^^^^^^^^^^^^^^^^^
django.db.utils.OperationalError: database is locked
ERROR 2023-09-24 21:27:55,448 basehttp 10340 8640 "POST /admin/login/?next=/admin/ HTTP/1.1" 500 179521
INFO 2023-09-24 21:28:03,446 basehttp 10340 8640 "GET /admin/login/?next=/admin/ HTTP/1.1" 200 4267
INFO 2023-09-24 21:28:04,971 basehttp 10340 8640 "GET /admin/login/?next=/admin/ HTTP/1.1" 200 4267
ERROR 2023-09-24 21:28:17,380 log 10340 8640 Internal Server Error: /admin/login/
Traceback (most recent call last):
  File "D:\GB_Django\.venv\Lib\site-packages\django\db\backends\base\base.py", line 313, in _commit
    return self.connection.commit()
           ^^^^^^^^^^^^^^^^^^^^^^^^
sqlite3.OperationalError: database is locked

The above exception was the direct cause of the following exception:

Traceback (most recent call last):
  File "D:\GB_Django\.venv\Lib\site-packages\django\core\handlers\exception.py", line 55, in inner
    response = get_response(request)
               ^^^^^^^^^^^^^^^^^^^^^
  File "D:\GB_Django\.venv\Lib\site-packages\django\core\handlers\base.py", line 197, in _get_response
    response = wrapped_callback(request, *callback_args, **callback_kwargs)
               ^^^^^^^^^^^^^^^^^^^^^^^^^^^^^^^^^^^^^^^^^^^^^^^^^^^^^^^^^^^^
  File "D:\GB_Django\.venv\Lib\site-packages\django\utils\decorators.py", line 46, in _wrapper
    return bound_method(*args, **kwargs)
           ^^^^^^^^^^^^^^^^^^^^^^^^^^^^^
  File "D:\GB_Django\.venv\Lib\site-packages\django\views\decorators\cache.py", line 62, in _wrapper_view_func
    response = view_func(request, *args, **kwargs)
               ^^^^^^^^^^^^^^^^^^^^^^^^^^^^^^^^^^^
  File "D:\GB_Django\.venv\Lib\site-packages\django\contrib\admin\sites.py", line 441, in login
    return LoginView.as_view(**defaults)(request)
           ^^^^^^^^^^^^^^^^^^^^^^^^^^^^^^^^^^^^^^
  File "D:\GB_Django\.venv\Lib\site-packages\django\views\generic\base.py", line 104, in view
    return self.dispatch(request, *args, **kwargs)
           ^^^^^^^^^^^^^^^^^^^^^^^^^^^^^^^^^^^^^^^
  File "D:\GB_Django\.venv\Lib\site-packages\django\utils\decorators.py", line 46, in _wrapper
    return bound_method(*args, **kwargs)
           ^^^^^^^^^^^^^^^^^^^^^^^^^^^^^
  File "D:\GB_Django\.venv\Lib\site-packages\django\views\decorators\debug.py", line 92, in sensitive_post_parameters_wrapper
    return view(request, *args, **kwargs)
           ^^^^^^^^^^^^^^^^^^^^^^^^^^^^^^
  File "D:\GB_Django\.venv\Lib\site-packages\django\utils\decorators.py", line 46, in _wrapper
    return bound_method(*args, **kwargs)
           ^^^^^^^^^^^^^^^^^^^^^^^^^^^^^
  File "D:\GB_Django\.venv\Lib\site-packages\django\utils\decorators.py", line 134, in _wrapper_view
    response = view_func(request, *args, **kwargs)
               ^^^^^^^^^^^^^^^^^^^^^^^^^^^^^^^^^^^
  File "D:\GB_Django\.venv\Lib\site-packages\django\utils\decorators.py", line 46, in _wrapper
    return bound_method(*args, **kwargs)
           ^^^^^^^^^^^^^^^^^^^^^^^^^^^^^
  File "D:\GB_Django\.venv\Lib\site-packages\django\views\decorators\cache.py", line 62, in _wrapper_view_func
    response = view_func(request, *args, **kwargs)
               ^^^^^^^^^^^^^^^^^^^^^^^^^^^^^^^^^^^
  File "D:\GB_Django\.venv\Lib\site-packages\django\contrib\auth\views.py", line 90, in dispatch
    return super().dispatch(request, *args, **kwargs)
           ^^^^^^^^^^^^^^^^^^^^^^^^^^^^^^^^^^^^^^^^^^
  File "D:\GB_Django\.venv\Lib\site-packages\django\views\generic\base.py", line 143, in dispatch
    return handler(request, *args, **kwargs)
           ^^^^^^^^^^^^^^^^^^^^^^^^^^^^^^^^^
  File "D:\GB_Django\.venv\Lib\site-packages\django\views\generic\edit.py", line 153, in post
    return self.form_valid(form)
           ^^^^^^^^^^^^^^^^^^^^^
  File "D:\GB_Django\.venv\Lib\site-packages\django\contrib\auth\views.py", line 109, in form_valid
    auth_login(self.request, form.get_user())
  File "D:\GB_Django\.venv\Lib\site-packages\django\contrib\auth\__init__.py", line 118, in login
    request.session.cycle_key()
  File "D:\GB_Django\.venv\Lib\site-packages\django\contrib\sessions\backends\base.py", line 304, in cycle_key
    self.create()
  File "D:\GB_Django\.venv\Lib\site-packages\django\contrib\sessions\backends\db.py", line 54, in create
    self.save(must_create=True)
  File "D:\GB_Django\.venv\Lib\site-packages\django\contrib\sessions\backends\db.py", line 85, in save
    with transaction.atomic(using=using):
  File "D:\GB_Django\.venv\Lib\site-packages\django\db\transaction.py", line 263, in __exit__
    connection.commit()
  File "D:\GB_Django\.venv\Lib\site-packages\django\utils\asyncio.py", line 26, in inner
    return func(*args, **kwargs)
           ^^^^^^^^^^^^^^^^^^^^^
  File "D:\GB_Django\.venv\Lib\site-packages\django\db\backends\base\base.py", line 337, in commit
    self._commit()
  File "D:\GB_Django\.venv\Lib\site-packages\django\db\backends\base\base.py", line 312, in _commit
    with debug_transaction(self, "COMMIT"), self.wrap_database_errors:
  File "D:\GB_Django\.venv\Lib\site-packages\django\db\utils.py", line 91, in __exit__
    raise dj_exc_value.with_traceback(traceback) from exc_value
  File "D:\GB_Django\.venv\Lib\site-packages\django\db\backends\base\base.py", line 313, in _commit
    return self.connection.commit()
           ^^^^^^^^^^^^^^^^^^^^^^^^
django.db.utils.OperationalError: database is locked
ERROR 2023-09-24 21:28:17,384 basehttp 10340 8640 "POST /admin/login/?next=/admin/ HTTP/1.1" 500 179521
ERROR 2023-09-24 21:28:44,653 log 10340 8640 Internal Server Error: /admin/login/
Traceback (most recent call last):
  File "D:\GB_Django\.venv\Lib\site-packages\django\db\backends\base\base.py", line 313, in _commit
    return self.connection.commit()
           ^^^^^^^^^^^^^^^^^^^^^^^^
sqlite3.OperationalError: database is locked

The above exception was the direct cause of the following exception:

Traceback (most recent call last):
  File "D:\GB_Django\.venv\Lib\site-packages\django\core\handlers\exception.py", line 55, in inner
    response = get_response(request)
               ^^^^^^^^^^^^^^^^^^^^^
  File "D:\GB_Django\.venv\Lib\site-packages\django\core\handlers\base.py", line 197, in _get_response
    response = wrapped_callback(request, *callback_args, **callback_kwargs)
               ^^^^^^^^^^^^^^^^^^^^^^^^^^^^^^^^^^^^^^^^^^^^^^^^^^^^^^^^^^^^
  File "D:\GB_Django\.venv\Lib\site-packages\django\utils\decorators.py", line 46, in _wrapper
    return bound_method(*args, **kwargs)
           ^^^^^^^^^^^^^^^^^^^^^^^^^^^^^
  File "D:\GB_Django\.venv\Lib\site-packages\django\views\decorators\cache.py", line 62, in _wrapper_view_func
    response = view_func(request, *args, **kwargs)
               ^^^^^^^^^^^^^^^^^^^^^^^^^^^^^^^^^^^
  File "D:\GB_Django\.venv\Lib\site-packages\django\contrib\admin\sites.py", line 441, in login
    return LoginView.as_view(**defaults)(request)
           ^^^^^^^^^^^^^^^^^^^^^^^^^^^^^^^^^^^^^^
  File "D:\GB_Django\.venv\Lib\site-packages\django\views\generic\base.py", line 104, in view
    return self.dispatch(request, *args, **kwargs)
           ^^^^^^^^^^^^^^^^^^^^^^^^^^^^^^^^^^^^^^^
  File "D:\GB_Django\.venv\Lib\site-packages\django\utils\decorators.py", line 46, in _wrapper
    return bound_method(*args, **kwargs)
           ^^^^^^^^^^^^^^^^^^^^^^^^^^^^^
  File "D:\GB_Django\.venv\Lib\site-packages\django\views\decorators\debug.py", line 92, in sensitive_post_parameters_wrapper
    return view(request, *args, **kwargs)
           ^^^^^^^^^^^^^^^^^^^^^^^^^^^^^^
  File "D:\GB_Django\.venv\Lib\site-packages\django\utils\decorators.py", line 46, in _wrapper
    return bound_method(*args, **kwargs)
           ^^^^^^^^^^^^^^^^^^^^^^^^^^^^^
  File "D:\GB_Django\.venv\Lib\site-packages\django\utils\decorators.py", line 134, in _wrapper_view
    response = view_func(request, *args, **kwargs)
               ^^^^^^^^^^^^^^^^^^^^^^^^^^^^^^^^^^^
  File "D:\GB_Django\.venv\Lib\site-packages\django\utils\decorators.py", line 46, in _wrapper
    return bound_method(*args, **kwargs)
           ^^^^^^^^^^^^^^^^^^^^^^^^^^^^^
  File "D:\GB_Django\.venv\Lib\site-packages\django\views\decorators\cache.py", line 62, in _wrapper_view_func
    response = view_func(request, *args, **kwargs)
               ^^^^^^^^^^^^^^^^^^^^^^^^^^^^^^^^^^^
  File "D:\GB_Django\.venv\Lib\site-packages\django\contrib\auth\views.py", line 90, in dispatch
    return super().dispatch(request, *args, **kwargs)
           ^^^^^^^^^^^^^^^^^^^^^^^^^^^^^^^^^^^^^^^^^^
  File "D:\GB_Django\.venv\Lib\site-packages\django\views\generic\base.py", line 143, in dispatch
    return handler(request, *args, **kwargs)
           ^^^^^^^^^^^^^^^^^^^^^^^^^^^^^^^^^
  File "D:\GB_Django\.venv\Lib\site-packages\django\views\generic\edit.py", line 153, in post
    return self.form_valid(form)
           ^^^^^^^^^^^^^^^^^^^^^
  File "D:\GB_Django\.venv\Lib\site-packages\django\contrib\auth\views.py", line 109, in form_valid
    auth_login(self.request, form.get_user())
  File "D:\GB_Django\.venv\Lib\site-packages\django\contrib\auth\__init__.py", line 118, in login
    request.session.cycle_key()
  File "D:\GB_Django\.venv\Lib\site-packages\django\contrib\sessions\backends\base.py", line 304, in cycle_key
    self.create()
  File "D:\GB_Django\.venv\Lib\site-packages\django\contrib\sessions\backends\db.py", line 54, in create
    self.save(must_create=True)
  File "D:\GB_Django\.venv\Lib\site-packages\django\contrib\sessions\backends\db.py", line 85, in save
    with transaction.atomic(using=using):
  File "D:\GB_Django\.venv\Lib\site-packages\django\db\transaction.py", line 263, in __exit__
    connection.commit()
  File "D:\GB_Django\.venv\Lib\site-packages\django\utils\asyncio.py", line 26, in inner
    return func(*args, **kwargs)
           ^^^^^^^^^^^^^^^^^^^^^
  File "D:\GB_Django\.venv\Lib\site-packages\django\db\backends\base\base.py", line 337, in commit
    self._commit()
  File "D:\GB_Django\.venv\Lib\site-packages\django\db\backends\base\base.py", line 312, in _commit
    with debug_transaction(self, "COMMIT"), self.wrap_database_errors:
  File "D:\GB_Django\.venv\Lib\site-packages\django\db\utils.py", line 91, in __exit__
    raise dj_exc_value.with_traceback(traceback) from exc_value
  File "D:\GB_Django\.venv\Lib\site-packages\django\db\backends\base\base.py", line 313, in _commit
    return self.connection.commit()
           ^^^^^^^^^^^^^^^^^^^^^^^^
django.db.utils.OperationalError: database is locked
ERROR 2023-09-24 21:28:44,657 basehttp 10340 8640 "POST /admin/login/?next=/admin/ HTTP/1.1" 500 179521
INFO 2023-09-24 21:32:07,041 autoreload 18616 20428 Watching for file changes with StatReloader
INFO 2023-09-24 21:32:08,588 basehttp 18616 8756 "GET / HTTP/1.1" 200 309
INFO 2023-09-24 21:32:12,565 basehttp 18616 8756 "GET /admin/ HTTP/1.1" 302 0
INFO 2023-09-24 21:32:12,595 basehttp 18616 8756 "GET /admin/login/?next=/admin/ HTTP/1.1" 200 4267
INFO 2023-09-24 21:32:19,948 basehttp 18616 8756 "POST /admin/login/?next=/admin/ HTTP/1.1" 302 0
INFO 2023-09-24 21:32:19,964 basehttp 18616 8756 "GET /admin/ HTTP/1.1" 200 5856
INFO 2023-09-24 21:34:53,684 basehttp 18616 8756 "GET /admin/auth/user/add/ HTTP/1.1" 200 10992
INFO 2023-09-24 21:34:53,728 basehttp 18616 16252 "GET /admin/jsi18n/ HTTP/1.1" 200 16066
INFO 2023-09-24 21:34:53,813 basehttp 18616 8756 "GET /static/admin/css/forms.css HTTP/1.1" 200 9047
INFO 2023-09-24 21:34:53,818 basehttp 18616 8756 "GET /static/admin/js/urlify.js HTTP/1.1" 200 7887
INFO 2023-09-24 21:34:53,822 basehttp 18616 8756 "GET /static/admin/js/prepopulate.js HTTP/1.1" 200 1531
INFO 2023-09-24 21:34:53,828 basehttp 18616 8756 "GET /static/admin/css/widgets.css HTTP/1.1" 200 11900
INFO 2023-09-24 21:34:53,835 basehttp 18616 20328 "GET /static/admin/js/core.js HTTP/1.1" 200 5682
INFO 2023-09-24 21:34:53,837 basehttp 18616 8756 "GET /static/admin/js/vendor/xregexp/xregexp.js HTTP/1.1" 200 232381
INFO 2023-09-24 21:34:53,839 basehttp 18616 20328 "GET /static/admin/js/prepopulate_init.js HTTP/1.1" 200 586
INFO 2023-09-24 21:34:53,841 basehttp 18616 16628 "GET /static/admin/js/admin/RelatedObjectLookups.js HTTP/1.1" 200 8943
INFO 2023-09-24 21:34:53,844 basehttp 18616 7188 "GET /static/admin/js/jquery.init.js HTTP/1.1" 200 347
INFO 2023-09-24 21:34:53,845 basehttp 18616 17712 "GET /static/admin/js/vendor/jquery/jquery.js HTTP/1.1" 200 292458
INFO 2023-09-24 21:34:53,848 basehttp 18616 16252 "GET /static/admin/js/actions.js HTTP/1.1" 200 7872
INFO 2023-09-24 21:34:53,907 basehttp 18616 16252 "GET /static/admin/js/change_form.js HTTP/1.1" 200 606
INFO 2023-09-24 21:35:30,448 basehttp 18616 16252 "POST /admin/auth/user/add/ HTTP/1.1" 200 11373
INFO 2023-09-24 21:35:30,481 basehttp 18616 16252 "GET /admin/jsi18n/ HTTP/1.1" 200 16066
INFO 2023-09-24 21:35:56,556 basehttp 18616 16252 "POST /admin/auth/user/add/ HTTP/1.1" 200 11221
INFO 2023-09-24 21:35:56,584 basehttp 18616 16252 "GET /admin/jsi18n/ HTTP/1.1" 200 16066
INFO 2023-09-24 21:36:11,344 basehttp 18616 16252 "POST /admin/auth/user/add/ HTTP/1.1" 302 0
INFO 2023-09-24 21:36:11,393 basehttp 18616 16252 "GET /admin/auth/user/2/change/ HTTP/1.1" 200 23682
INFO 2023-09-24 21:36:11,421 basehttp 18616 16628 "GET /static/admin/js/SelectBox.js HTTP/1.1" 200 4530
INFO 2023-09-24 21:36:11,421 basehttp 18616 16252 "GET /static/admin/js/calendar.js HTTP/1.1" 200 8466
INFO 2023-09-24 21:36:11,423 basehttp 18616 7188 "GET /static/admin/js/admin/DateTimeShortcuts.js HTTP/1.1" 200 19319
INFO 2023-09-24 21:36:11,426 basehttp 18616 20328 "GET /static/admin/js/SelectFilter2.js HTTP/1.1" 200 15292
INFO 2023-09-24 21:36:11,427 basehttp 18616 17712 "GET /admin/jsi18n/ HTTP/1.1" 200 16066
INFO 2023-09-24 21:36:11,464 basehttp 18616 17712 "GET /static/admin/img/icon-yes.svg HTTP/1.1" 200 436
INFO 2023-09-24 21:36:11,517 basehttp 18616 7188 "GET /static/admin/img/selector-icons.svg HTTP/1.1" 200 3291
INFO 2023-09-24 21:36:11,517 basehttp 18616 20328 "GET /static/admin/img/search.svg HTTP/1.1" 200 458
INFO 2023-09-24 21:36:11,518 basehttp 18616 17712 "GET /static/admin/img/icon-unknown.svg HTTP/1.1" 200 655
INFO 2023-09-24 21:36:11,519 basehttp 18616 16252 "GET /static/admin/img/icon-unknown-alt.svg HTTP/1.1" 200 655
INFO 2023-09-24 21:36:11,519 basehttp 18616 8756 "GET /static/admin/img/icon-clock.svg HTTP/1.1" 200 677
INFO 2023-09-24 21:36:11,521 basehttp 18616 16628 "GET /static/admin/img/icon-calendar.svg HTTP/1.1" 200 1086
INFO 2023-09-24 21:38:20,436 basehttp 18616 16628 "POST /admin/auth/user/2/change/ HTTP/1.1" 302 0
INFO 2023-09-24 21:38:20,470 basehttp 18616 16628 "GET /admin/auth/user/ HTTP/1.1" 200 11945
INFO 2023-09-24 21:38:20,499 basehttp 18616 16628 "GET /static/admin/css/changelists.css HTTP/1.1" 200 6566
INFO 2023-09-24 21:38:20,506 basehttp 18616 16252 "GET /admin/jsi18n/ HTTP/1.1" 200 16066
INFO 2023-09-24 21:38:20,558 basehttp 18616 16252 "GET /static/admin/js/filters.js HTTP/1.1" 200 978
INFO 2023-09-24 21:38:20,569 basehttp 18616 16252 "GET /static/admin/img/tooltag-add.svg HTTP/1.1" 200 331
INFO 2023-09-24 21:38:20,570 basehttp 18616 16628 "GET /static/admin/img/sorting-icons.svg HTTP/1.1" 200 1097
INFO 2023-09-24 21:38:27,785 basehttp 18616 16628 "GET /admin/auth/group/ HTTP/1.1" 200 7645
INFO 2023-09-24 21:38:27,808 basehttp 18616 16628 "GET /admin/jsi18n/ HTTP/1.1" 200 16066
INFO 2023-09-24 21:38:29,312 basehttp 18616 16628 "GET /admin/auth/group/add/ HTTP/1.1" 200 13071
INFO 2023-09-24 21:38:29,344 basehttp 18616 16628 "GET /admin/jsi18n/ HTTP/1.1" 200 16066
INFO 2023-09-24 21:39:13,423 basehttp 18616 16628 "POST /admin/auth/group/add/ HTTP/1.1" 302 0
INFO 2023-09-24 21:39:13,441 basehttp 18616 16628 "GET /admin/auth/group/ HTTP/1.1" 200 9110
INFO 2023-09-24 21:39:13,467 basehttp 18616 16628 "GET /admin/jsi18n/ HTTP/1.1" 200 16066
INFO 2023-09-24 21:39:16,363 basehttp 18616 16628 "GET /admin/auth/user/ HTTP/1.1" 200 12026
INFO 2023-09-24 21:39:16,386 basehttp 18616 16628 "GET /admin/jsi18n/ HTTP/1.1" 200 16066
INFO 2023-09-24 21:39:17,371 basehttp 18616 16628 "GET /admin/auth/user/2/change/ HTTP/1.1" 200 23490
INFO 2023-09-24 21:39:17,397 basehttp 18616 16628 "GET /admin/jsi18n/ HTTP/1.1" 200 16066
INFO 2023-09-24 21:39:28,403 basehttp 18616 16628 "POST /admin/auth/user/2/change/ HTTP/1.1" 302 0
INFO 2023-09-24 21:39:28,418 basehttp 18616 16628 "GET /admin/auth/user/ HTTP/1.1" 200 12247
INFO 2023-09-24 21:39:28,447 basehttp 18616 16628 "GET /admin/jsi18n/ HTTP/1.1" 200 16066
INFO 2023-09-24 21:39:38,923 basehttp 18616 16628 "POST /admin/logout/ HTTP/1.1" 200 3709
INFO 2023-09-24 21:39:41,102 basehttp 18616 16628 "GET /admin/ HTTP/1.1" 302 0
INFO 2023-09-24 21:39:41,110 basehttp 18616 16628 "GET /admin/login/?next=/admin/ HTTP/1.1" 200 4267
INFO 2023-09-24 21:39:47,178 basehttp 18616 16628 "POST /admin/login/?next=/admin/ HTTP/1.1" 302 0
INFO 2023-09-24 21:39:47,191 basehttp 18616 16628 "GET /admin/ HTTP/1.1" 200 4797
INFO 2023-09-24 21:43:39,938 autoreload 18616 20428 D:\GB_Django\lectures_project\lec_05\models.py changed, reloading.
INFO 2023-09-24 21:43:40,799 autoreload 20148 11380 Watching for file changes with StatReloader
INFO 2023-09-24 21:44:04,597 autoreload 20148 11380 D:\GB_Django\lectures_project\lec_05\models.py changed, reloading.
INFO 2023-09-24 21:44:05,253 autoreload 17908 20328 Watching for file changes with StatReloader
INFO 2023-09-24 21:44:10,551 basehttp 17908 16252 "GET /admin/ HTTP/1.1" 200 4797
INFO 2023-09-24 21:44:42,471 autoreload 17908 20328 D:\GB_Django\lectures_project\lec_05\admin.py changed, reloading.
INFO 2023-09-24 21:47:21,265 autoreload 18300 19216 Watching for file changes with StatReloader
INFO 2023-09-24 21:47:24,813 basehttp 18300 20028 "GET /admin/ HTTP/1.1" 200 4797
INFO 2023-09-24 21:47:26,047 basehttp 18300 20028 "GET /admin/ HTTP/1.1" 200 4797
INFO 2023-09-24 21:47:26,840 basehttp 18300 20028 "GET /admin/ HTTP/1.1" 200 4797
INFO 2023-09-24 21:47:30,093 basehttp 18300 20028 "POST /admin/logout/ HTTP/1.1" 200 3709
INFO 2023-09-24 21:47:34,270 basehttp 18300 20028 "GET /admin/ HTTP/1.1" 302 0
INFO 2023-09-24 21:47:34,288 basehttp 18300 20028 "GET /admin/login/?next=/admin/ HTTP/1.1" 200 4267
INFO 2023-09-24 21:47:40,067 basehttp 18300 20028 "POST /admin/login/?next=/admin/ HTTP/1.1" 302 0
INFO 2023-09-24 21:47:40,083 basehttp 18300 20028 "GET /admin/ HTTP/1.1" 200 8207
INFO 2023-09-24 21:47:56,949 basehttp 18300 20028 "GET /admin/lec_05/ HTTP/1.1" 200 5759
INFO 2023-09-24 21:49:15,225 autoreload 18300 19216 D:\GB_Django\lectures_project\lec_03\admin.py changed, reloading.
INFO 2023-09-24 21:49:15,859 autoreload 11684 11096 Watching for file changes with StatReloader
INFO 2023-09-24 21:49:20,111 basehttp 11684 19804 "GET /admin/ HTTP/1.1" 200 9322
INFO 2023-09-24 21:50:40,046 basehttp 11684 19804 "POST /admin/logout/ HTTP/1.1" 200 3709
INFO 2023-09-24 21:50:41,596 basehttp 11684 19804 "GET /admin/ HTTP/1.1" 302 0
INFO 2023-09-24 21:50:41,612 basehttp 11684 19804 "GET /admin/login/?next=/admin/ HTTP/1.1" 200 4267
INFO 2023-09-24 21:50:47,131 basehttp 11684 19804 "POST /admin/login/?next=/admin/ HTTP/1.1" 302 0
INFO 2023-09-24 21:50:47,143 basehttp 11684 19804 "GET /admin/ HTTP/1.1" 200 5336
INFO 2023-09-24 21:51:07,298 basehttp 11684 19804 "GET /admin/lec_03/post/ HTTP/1.1" 200 17370
INFO 2023-09-24 21:51:23,827 basehttp 11684 19804 "GET /admin/lec_03/post/100/change/ HTTP/1.1" 200 10409
INFO 2023-09-24 21:51:23,859 basehttp 11684 19804 "GET /admin/jsi18n/ HTTP/1.1" 200 16066
INFO 2023-09-24 21:51:38,506 basehttp 11684 19804 "POST /admin/lec_03/post/100/change/ HTTP/1.1" 302 0
INFO 2023-09-24 21:51:38,535 basehttp 11684 19804 "GET /admin/lec_03/post/ HTTP/1.1" 200 17587
INFO 2023-09-24 21:51:45,207 basehttp 11684 19804 "POST /admin/logout/ HTTP/1.1" 200 3709
INFO 2023-09-24 21:51:46,524 basehttp 11684 19804 "GET /admin/ HTTP/1.1" 302 0
INFO 2023-09-24 21:51:46,533 basehttp 11684 19804 "GET /admin/login/?next=/admin/ HTTP/1.1" 200 4267
INFO 2023-09-24 21:51:52,801 basehttp 11684 19804 "POST /admin/login/?next=/admin/ HTTP/1.1" 302 0
INFO 2023-09-24 21:51:52,816 basehttp 11684 19804 "GET /admin/ HTTP/1.1" 200 9322
INFO 2023-09-24 21:51:56,017 basehttp 11684 19804 "GET /admin/lec_03/post/ HTTP/1.1" 200 31594
INFO 2023-09-24 21:51:56,052 basehttp 11684 19804 "GET /admin/jsi18n/ HTTP/1.1" 200 16066
INFO 2023-09-24 21:51:58,763 basehttp 11684 19804 "GET /admin/lec_03/post/100/change/ HTTP/1.1" 200 13642
INFO 2023-09-24 21:51:58,795 basehttp 11684 1700 "GET /admin/jsi18n/ HTTP/1.1" 200 16066
INFO 2023-09-24 21:51:58,819 basehttp 11684 19804 "GET /static/admin/img/icon-viewlink.svg HTTP/1.1" 200 581
INFO 2023-09-24 21:52:07,493 basehttp 11684 19804 "GET /admin/lec_03/post/100/history/ HTTP/1.1" 200 8310
INFO 2023-09-24 21:52:13,471 basehttp 11684 19804 "GET /admin/lec_03/post/ HTTP/1.1" 200 31594
INFO 2023-09-24 21:52:13,498 basehttp 11684 19804 "GET /admin/jsi18n/ HTTP/1.1" 200 16066
INFO 2023-09-24 21:52:16,845 basehttp 11684 19804 "GET /admin/lec_05/category/ HTTP/1.1" 200 8984
INFO 2023-09-24 21:52:16,876 basehttp 11684 19804 "GET /admin/jsi18n/ HTTP/1.1" 200 16066
INFO 2023-09-24 21:52:19,479 basehttp 11684 19804 "GET /admin/lec_05/category/add/ HTTP/1.1" 200 9825
INFO 2023-09-24 21:52:19,503 basehttp 11684 19804 "GET /admin/jsi18n/ HTTP/1.1" 200 16066
INFO 2023-09-24 21:56:13,563 basehttp 11684 19804 "POST /admin/lec_05/category/add/ HTTP/1.1" 302 0
INFO 2023-09-24 21:56:13,579 basehttp 11684 19804 "GET /admin/lec_05/category/add/ HTTP/1.1" 200 10107
INFO 2023-09-24 21:56:13,622 basehttp 11684 19804 "GET /admin/jsi18n/ HTTP/1.1" 200 16066
INFO 2023-09-24 21:56:23,615 basehttp 11684 19804 "POST /admin/lec_05/category/add/ HTTP/1.1" 302 0
INFO 2023-09-24 21:56:23,634 basehttp 11684 19804 "GET /admin/lec_05/category/ HTTP/1.1" 200 10650
INFO 2023-09-24 21:56:23,663 basehttp 11684 19804 "GET /admin/jsi18n/ HTTP/1.1" 200 16066
INFO 2023-09-24 21:56:25,211 basehttp 11684 19804 "GET /admin/lec_05/product/ HTTP/1.1" 200 8977
INFO 2023-09-24 21:56:25,240 basehttp 11684 19804 "GET /admin/jsi18n/ HTTP/1.1" 200 16066
INFO 2023-09-24 21:56:26,056 basehttp 11684 19804 "GET /admin/lec_05/product/add/ HTTP/1.1" 200 11667
INFO 2023-09-24 21:56:26,085 basehttp 11684 19804 "GET /admin/jsi18n/ HTTP/1.1" 200 16066
INFO 2023-09-24 21:56:43,248 basehttp 11684 19804 "POST /admin/lec_05/product/add/ HTTP/1.1" 302 0
INFO 2023-09-24 21:56:43,265 basehttp 11684 19804 "GET /admin/lec_05/product/add/ HTTP/1.1" 200 11948
INFO 2023-09-24 21:56:43,294 basehttp 11684 19804 "GET /admin/jsi18n/ HTTP/1.1" 200 16066
INFO 2023-09-24 21:57:24,078 basehttp 11684 19804 "POST /admin/lec_05/product/add/ HTTP/1.1" 302 0
INFO 2023-09-24 21:57:24,097 basehttp 11684 19804 "GET /admin/lec_05/product/add/ HTTP/1.1" 200 11946
INFO 2023-09-24 21:57:24,140 basehttp 11684 19804 "GET /admin/jsi18n/ HTTP/1.1" 200 16066
INFO 2023-09-24 21:57:38,963 basehttp 11684 19804 "GET /admin/lec_05/category/add/?_to_field=id&_popup=1 HTTP/1.1" 200 4478
INFO 2023-09-24 21:57:38,993 basehttp 11684 19804 "GET /admin/jsi18n/ HTTP/1.1" 200 16066
INFO 2023-09-24 21:57:55,416 basehttp 11684 19804 "POST /admin/lec_05/category/add/?_to_field=id&_popup=1 HTTP/1.1" 200 368
INFO 2023-09-24 21:57:55,435 basehttp 11684 19804 "GET /static/admin/js/popup_response.js HTTP/1.1" 200 551
INFO 2023-09-24 21:58:08,700 basehttp 11684 19804 "POST /admin/lec_05/product/add/ HTTP/1.1" 302 0
INFO 2023-09-24 21:58:08,716 basehttp 11684 19804 "GET /admin/lec_05/product/add/ HTTP/1.1" 200 11984
INFO 2023-09-24 21:58:08,745 basehttp 11684 19804 "GET /admin/jsi18n/ HTTP/1.1" 200 16066
INFO 2023-09-24 21:58:20,944 basehttp 11684 19804 "POST /admin/lec_05/product/add/ HTTP/1.1" 302 0
INFO 2023-09-24 21:58:20,961 basehttp 11684 19804 "GET /admin/lec_05/product/ HTTP/1.1" 200 11055
INFO 2023-09-24 21:58:20,992 basehttp 11684 19804 "GET /admin/jsi18n/ HTTP/1.1" 200 16066
INFO 2023-09-24 21:58:23,408 basehttp 11684 19804 "GET /admin/lec_05/product/3/change/ HTTP/1.1" 200 11913
INFO 2023-09-24 21:58:23,432 basehttp 11684 19804 "GET /admin/jsi18n/ HTTP/1.1" 200 16066
INFO 2023-09-24 21:58:31,619 basehttp 11684 19804 "GET /admin/lec_05/product/ HTTP/1.1" 200 10846
INFO 2023-09-24 21:58:31,653 basehttp 11684 19804 "GET /admin/jsi18n/ HTTP/1.1" 200 16066
INFO 2023-09-24 21:58:32,992 basehttp 11684 19804 "GET /admin/lec_05/product/4/change/ HTTP/1.1" 200 11925
INFO 2023-09-24 21:58:33,025 basehttp 11684 19804 "GET /admin/jsi18n/ HTTP/1.1" 200 16066
INFO 2023-09-24 21:58:36,618 basehttp 11684 19804 "POST /admin/lec_05/product/4/change/ HTTP/1.1" 302 0
INFO 2023-09-24 21:58:36,632 basehttp 11684 19804 "GET /admin/lec_05/product/ HTTP/1.1" 200 11057
INFO 2023-09-24 21:58:36,663 basehttp 11684 19804 "GET /admin/jsi18n/ HTTP/1.1" 200 16066
INFO 2023-09-24 21:58:41,185 basehttp 11684 19804 "GET /admin/lec_05/product/2/change/ HTTP/1.1" 200 11913
INFO 2023-09-24 21:58:41,209 basehttp 11684 19804 "GET /admin/jsi18n/ HTTP/1.1" 200 16066
INFO 2023-09-24 21:58:42,190 basehttp 11684 19804 "GET /admin/lec_05/product/2/delete/ HTTP/1.1" 200 9025
INFO 2023-09-24 21:58:42,214 basehttp 11684 19804 "GET /static/admin/js/cancel.js HTTP/1.1" 200 884
INFO 2023-09-24 21:59:03,264 basehttp 11684 19804 "POST /admin/lec_05/product/2/delete/ HTTP/1.1" 302 0
INFO 2023-09-24 21:59:03,279 basehttp 11684 19804 "GET /admin/lec_05/product/ HTTP/1.1" 200 10801
INFO 2023-09-24 21:59:03,318 basehttp 11684 19804 "GET /admin/jsi18n/ HTTP/1.1" 200 16066
INFO 2023-09-24 22:00:41,031 basehttp 11684 19804 "GET /admin/lec_05/ HTTP/1.1" 200 5759
INFO 2023-09-24 22:04:13,539 autoreload 11684 11096 D:\GB_Django\lectures_project\lec_05\models.py changed, reloading.
INFO 2023-09-24 22:04:14,189 autoreload 15620 10208 Watching for file changes with StatReloader
INFO 2023-09-24 22:05:27,201 basehttp 15620 4496 "GET /admin/ HTTP/1.1" 200 10971
INFO 2023-09-24 22:05:27,285 basehttp 15620 4496 "GET /static/admin/img/icon-deletelink.svg HTTP/1.1" 200 392
INFO 2023-09-24 22:05:30,361 basehttp 15620 4496 "GET /admin/ HTTP/1.1" 200 10971
INFO 2023-09-24 22:12:22,790 autoreload 7148 6788 Watching for file changes with StatReloader
INFO 2023-09-24 22:12:24,416 basehttp 7148 20436 "GET /admin/ HTTP/1.1" 200 10971
INFO 2023-09-24 22:12:27,115 basehttp 7148 20436 "GET /admin/lec_05/product/ HTTP/1.1" 200 10641
INFO 2023-09-24 22:12:27,151 basehttp 7148 20436 "GET /admin/jsi18n/ HTTP/1.1" 200 16066
INFO 2023-09-24 22:12:28,444 basehttp 7148 20436 "GET /admin/lec_05/product/4/change/ HTTP/1.1" 200 14449
INFO 2023-09-24 22:12:28,472 basehttp 7148 20436 "GET /admin/jsi18n/ HTTP/1.1" 200 16066
INFO 2023-09-24 22:12:37,177 basehttp 7148 20436 "GET /admin/lec_05/product/ HTTP/1.1" 200 10641
INFO 2023-09-24 22:12:37,205 basehttp 7148 20436 "GET /admin/jsi18n/ HTTP/1.1" 200 16066
INFO 2023-09-24 22:12:42,695 basehttp 7148 20436 "GET /admin/lec_05/product/1/change/ HTTP/1.1" 200 14445
INFO 2023-09-24 22:12:42,720 basehttp 7148 20436 "GET /admin/jsi18n/ HTTP/1.1" 200 16066
INFO 2023-09-24 22:12:45,690 basehttp 7148 20436 "GET /admin/lec_05/product/ HTTP/1.1" 200 10641
INFO 2023-09-24 22:12:45,720 basehttp 7148 20436 "GET /admin/jsi18n/ HTTP/1.1" 200 16066
INFO 2023-09-24 22:15:10,657 autoreload 7148 6788 D:\GB_Django\lectures_project\lec_05\admin.py changed, reloading.
INFO 2023-09-24 22:15:11,248 autoreload 4636 18368 Watching for file changes with StatReloader
INFO 2023-09-24 22:15:22,772 autoreload 4636 18368 D:\GB_Django\lectures_project\lec_05\admin.py changed, reloading.
INFO 2023-09-24 22:15:23,389 autoreload 3584 1324 Watching for file changes with StatReloader
INFO 2023-09-24 22:16:23,911 autoreload 3584 1324 D:\GB_Django\lectures_project\lec_05\admin.py changed, reloading.
INFO 2023-09-24 22:16:24,541 autoreload 20296 9120 Watching for file changes with StatReloader
INFO 2023-09-24 22:16:34,355 basehttp 20296 9176 "GET /admin/lec_05/product/ HTTP/1.1" 200 11160
INFO 2023-09-24 22:16:34,391 basehttp 20296 9176 "GET /admin/jsi18n/ HTTP/1.1" 200 16066
INFO 2023-09-24 22:16:40,618 basehttp 20296 9176 "GET /admin/lec_05/product/4/change/ HTTP/1.1" 200 14449
INFO 2023-09-24 22:16:40,650 basehttp 20296 9176 "GET /admin/jsi18n/ HTTP/1.1" 200 16066
INFO 2023-09-24 22:16:46,632 basehttp 20296 9176 "POST /admin/lec_05/product/4/change/ HTTP/1.1" 302 0
INFO 2023-09-24 22:16:46,653 basehttp 20296 9176 "GET /admin/lec_05/product/ HTTP/1.1" 200 11373
INFO 2023-09-24 22:16:46,680 basehttp 20296 9176 "GET /admin/jsi18n/ HTTP/1.1" 200 16066
INFO 2023-09-24 22:16:57,461 basehttp 20296 9176 "GET /admin/lec_05/product/?o=1 HTTP/1.1" 200 11570
INFO 2023-09-24 22:16:57,497 basehttp 20296 9176 "GET /admin/jsi18n/ HTTP/1.1" 200 16066
INFO 2023-09-24 22:16:58,914 basehttp 20296 9176 "GET /admin/lec_05/product/?o=2.1 HTTP/1.1" 200 12060
INFO 2023-09-24 22:16:58,937 basehttp 20296 9176 "GET /admin/jsi18n/ HTTP/1.1" 200 16066
INFO 2023-09-24 22:17:00,056 basehttp 20296 9176 "GET /admin/lec_05/product/?o=3.2.1 HTTP/1.1" 200 12473
INFO 2023-09-24 22:17:00,084 basehttp 20296 9176 "GET /admin/jsi18n/ HTTP/1.1" 200 16066
INFO 2023-09-24 22:17:01,120 basehttp 20296 9176 "GET /admin/lec_05/product/?o=-3.2.1 HTTP/1.1" 200 12483
INFO 2023-09-24 22:17:01,148 basehttp 20296 9176 "GET /admin/jsi18n/ HTTP/1.1" 200 16066
INFO 2023-09-24 22:17:13,088 basehttp 20296 9176 "GET /admin/lec_05/product/?o=-3.2 HTTP/1.1" 200 12068
INFO 2023-09-24 22:17:13,122 basehttp 20296 9176 "GET /admin/jsi18n/ HTTP/1.1" 200 16066
INFO 2023-09-24 22:17:14,655 basehttp 20296 9176 "GET /admin/lec_05/product/?o=-3 HTTP/1.1" 200 11576
INFO 2023-09-24 22:17:14,679 basehttp 20296 9176 "GET /admin/jsi18n/ HTTP/1.1" 200 16066
INFO 2023-09-24 22:17:16,806 basehttp 20296 9176 "GET /admin/lec_05/product/?o= HTTP/1.1" 200 11262
INFO 2023-09-24 22:17:16,834 basehttp 20296 9176 "GET /admin/jsi18n/ HTTP/1.1" 200 16066
INFO 2023-09-24 22:17:59,926 autoreload 20296 9120 D:\GB_Django\lectures_project\lec_05\admin.py changed, reloading.
INFO 2023-09-24 22:18:00,578 autoreload 17788 9060 Watching for file changes with StatReloader
INFO 2023-09-24 22:18:01,350 basehttp 17788 10140 "GET /admin/lec_05/product/?o= HTTP/1.1" 200 11262
INFO 2023-09-24 22:18:01,387 basehttp 17788 10140 "GET /admin/jsi18n/ HTTP/1.1" 200 16066
INFO 2023-09-24 22:19:03,147 autoreload 17788 9060 D:\GB_Django\lectures_project\lec_05\admin.py changed, reloading.
INFO 2023-09-24 22:19:03,760 autoreload 340 17716 Watching for file changes with StatReloader
INFO 2023-09-24 22:19:05,922 basehttp 340 13368 "GET /admin/lec_05/product/ HTTP/1.1" 200 13142
INFO 2023-09-24 22:19:05,955 basehttp 340 13368 "GET /admin/jsi18n/ HTTP/1.1" 200 16066
INFO 2023-09-24 22:19:10,486 basehttp 340 13368 "GET /admin/lec_05/product/?date_added__gte=2023-09-24+00%3A00%3A00%2B00%3A00&date_added__lt=2023-09-25+00%3A00%3A00%2B00%3A00 HTTP/1.1" 200 14809
INFO 2023-09-24 22:19:10,522 basehttp 340 13368 "GET /admin/jsi18n/ HTTP/1.1" 200 16066
INFO 2023-09-24 22:19:13,062 basehttp 340 13368 "GET /admin/lec_05/product/?date_added__gte=2023-01-01+00%3A00%3A00%2B00%3A00&date_added__lt=2024-01-01+00%3A00%3A00%2B00%3A00 HTTP/1.1" 200 14809
INFO 2023-09-24 22:19:13,088 basehttp 340 13368 "GET /admin/jsi18n/ HTTP/1.1" 200 16066
INFO 2023-09-24 22:19:15,562 basehttp 340 13368 "GET /admin/lec_05/product/?date_added__gte=2023-01-01+00%3A00%3A00%2B00%3A00&date_added__lt=2024-01-01+00%3A00%3A00%2B00%3A00&price=999999.99 HTTP/1.1" 200 15124
INFO 2023-09-24 22:19:15,590 basehttp 340 13368 "GET /admin/jsi18n/ HTTP/1.1" 200 16066
INFO 2023-09-24 22:19:17,603 basehttp 340 13368 "GET /admin/lec_05/product/?date_added__gte=2023-01-01+00%3A00%3A00%2B00%3A00&date_added__lt=2024-01-01+00%3A00%3A00%2B00%3A00 HTTP/1.1" 200 14809
INFO 2023-09-24 22:19:17,633 basehttp 340 13368 "GET /admin/jsi18n/ HTTP/1.1" 200 16066
INFO 2023-09-24 22:19:21,665 basehttp 340 13368 "GET /admin/lec_05/product/? HTTP/1.1" 200 13142
INFO 2023-09-24 22:19:21,692 basehttp 340 13368 "GET /admin/jsi18n/ HTTP/1.1" 200 16066
INFO 2023-09-24 22:19:51,641 basehttp 340 13368 "GET /admin/lec_05/product/4/change/ HTTP/1.1" 200 14451
INFO 2023-09-24 22:19:51,667 basehttp 340 13368 "GET /admin/jsi18n/ HTTP/1.1" 200 16066
INFO 2023-09-24 22:19:57,428 basehttp 340 13368 "POST /admin/lec_05/product/4/change/ HTTP/1.1" 302 0
INFO 2023-09-24 22:19:57,449 basehttp 340 13368 "GET /admin/lec_05/product/ HTTP/1.1" 200 13411
INFO 2023-09-24 22:19:57,480 basehttp 340 13368 "GET /admin/jsi18n/ HTTP/1.1" 200 16066
INFO 2023-09-24 22:19:59,889 basehttp 340 13368 "GET /admin/lec_05/product/?price=1234.00 HTTP/1.1" 200 13050
INFO 2023-09-24 22:19:59,915 basehttp 340 13368 "GET /admin/jsi18n/ HTTP/1.1" 200 16066
INFO 2023-09-24 22:20:02,006 basehttp 340 13368 "GET /admin/lec_05/product/? HTTP/1.1" 200 13200
INFO 2023-09-24 22:20:02,033 basehttp 340 13368 "GET /admin/jsi18n/ HTTP/1.1" 200 16066
INFO 2023-09-24 22:20:57,471 autoreload 340 17716 D:\GB_Django\lectures_project\lec_05\admin.py changed, reloading.
INFO 2023-09-24 22:20:58,051 autoreload 11844 17500 Watching for file changes with StatReloader
INFO 2023-09-24 22:21:04,497 autoreload 11844 17500 D:\GB_Django\lectures_project\lec_05\admin.py changed, reloading.
INFO 2023-09-24 22:21:05,077 autoreload 17176 220 Watching for file changes with StatReloader
INFO 2023-09-24 22:21:20,541 autoreload 17176 220 D:\GB_Django\lectures_project\lec_05\admin.py changed, reloading.
INFO 2023-09-24 22:21:21,143 autoreload 19344 19412 Watching for file changes with StatReloader
INFO 2023-09-24 22:21:25,554 basehttp 19344 17560 "GET /admin/lec_05/product/ HTTP/1.1" 200 13649
INFO 2023-09-24 22:21:25,597 basehttp 19344 17560 "GET /admin/jsi18n/ HTTP/1.1" 200 16066
INFO 2023-09-24 22:21:30,568 basehttp 19344 17560 "GET /admin/lec_05/product/?q=c HTTP/1.1" 200 11491
INFO 2023-09-24 22:21:30,601 basehttp 19344 17560 "GET /admin/jsi18n/ HTTP/1.1" 200 16066
INFO 2023-09-24 22:21:33,435 basehttp 19344 17560 "GET /admin/lec_05/product/?q=C HTTP/1.1" 200 11491
INFO 2023-09-24 22:21:33,462 basehttp 19344 17560 "GET /admin/jsi18n/ HTTP/1.1" 200 16066
INFO 2023-09-24 22:21:40,570 basehttp 19344 17560 "GET /admin/lec_05/product/?q=Cheese HTTP/1.1" 200 11541
INFO 2023-09-24 22:21:40,600 basehttp 19344 17560 "GET /admin/jsi18n/ HTTP/1.1" 200 16066
INFO 2023-09-24 22:21:43,655 basehttp 19344 17560 "GET /admin/lec_05/product/? HTTP/1.1" 200 13649
INFO 2023-09-24 22:21:43,686 basehttp 19344 17560 "GET /admin/jsi18n/ HTTP/1.1" 200 16066
INFO 2023-09-24 22:21:56,504 basehttp 19344 17560 "GET /admin/lec_05/product/3/change/ HTTP/1.1" 200 14437
INFO 2023-09-24 22:21:56,540 basehttp 19344 17560 "GET /admin/jsi18n/ HTTP/1.1" 200 16066
INFO 2023-09-24 22:22:07,896 basehttp 19344 17560 "POST /admin/lec_05/product/3/change/ HTTP/1.1" 302 0
INFO 2023-09-24 22:22:07,914 basehttp 19344 17560 "GET /admin/lec_05/product/ HTTP/1.1" 200 13857
INFO 2023-09-24 22:22:07,941 basehttp 19344 17560 "GET /admin/jsi18n/ HTTP/1.1" 200 16066
INFO 2023-09-24 22:22:11,752 basehttp 19344 17560 "GET /admin/lec_05/product/?q=del HTTP/1.1" 200 13380
INFO 2023-09-24 22:22:11,778 basehttp 19344 17560 "GET /admin/jsi18n/ HTTP/1.1" 200 16066
INFO 2023-09-24 22:22:19,689 basehttp 19344 17560 "GET /admin/lec_05/product/3/change/?_changelist_filters=q%3Ddel HTTP/1.1" 200 14540
INFO 2023-09-24 22:22:19,715 basehttp 19344 17560 "GET /admin/jsi18n/ HTTP/1.1" 200 16066
INFO 2023-09-24 22:22:22,265 basehttp 19344 17560 "GET /admin/lec_05/product/ HTTP/1.1" 200 13649
INFO 2023-09-24 22:22:22,291 basehttp 19344 17560 "GET /admin/jsi18n/ HTTP/1.1" 200 16066
INFO 2023-09-24 22:22:46,383 autoreload 19344 19412 D:\GB_Django\lectures_project\lec_05\admin.py changed, reloading.
INFO 2023-09-24 22:22:47,023 autoreload 2572 8068 Watching for file changes with StatReloader
INFO 2023-09-24 22:22:48,307 basehttp 2572 18740 "GET /admin/lec_05/product/ HTTP/1.1" 200 13649
INFO 2023-09-24 22:22:48,335 basehttp 2572 18740 "GET /admin/jsi18n/ HTTP/1.1" 200 16066
INFO 2023-09-24 22:22:51,889 basehttp 2572 18740 "GET /admin/lec_05/product/ HTTP/1.1" 200 13649
INFO 2023-09-24 22:22:51,912 basehttp 2572 18740 "GET /admin/jsi18n/ HTTP/1.1" 200 16066
INFO 2023-09-24 22:22:53,017 basehttp 2572 18740 "GET /admin/lec_05/product/ HTTP/1.1" 200 13649
INFO 2023-09-24 22:22:53,046 basehttp 2572 18740 "GET /admin/jsi18n/ HTTP/1.1" 200 16066
INFO 2023-09-24 22:22:57,793 basehttp 2572 18740 "GET /admin/lec_05/product/?q=ca HTTP/1.1" 200 13362
INFO 2023-09-24 22:22:57,823 basehttp 2572 18740 "GET /admin/jsi18n/ HTTP/1.1" 200 16066
INFO 2023-09-24 22:25:30,805 autoreload 2572 8068 D:\GB_Django\lectures_project\lec_05\admin.py changed, reloading.
INFO 2023-09-24 22:25:31,404 autoreload 18072 12672 Watching for file changes with StatReloader
INFO 2023-09-24 22:25:51,943 basehttp 18072 14912 "GET /admin/lec_05/product/ HTTP/1.1" 200 13649
INFO 2023-09-24 22:25:51,981 basehttp 18072 14912 "GET /admin/jsi18n/ HTTP/1.1" 200 16066
INFO 2023-09-24 22:25:52,291 autoreload 18072 12672 D:\GB_Django\lectures_project\lec_05\admin.py changed, reloading.
INFO 2023-09-24 22:25:53,003 autoreload 2768 19448 Watching for file changes with StatReloader
INFO 2023-09-24 22:26:54,509 autoreload 2768 19448 D:\GB_Django\lectures_project\lec_05\admin.py changed, reloading.
INFO 2023-09-24 22:26:55,078 autoreload 9696 12016 Watching for file changes with StatReloader
INFO 2023-09-24 22:26:59,094 basehttp 9696 364 "GET /admin/lec_05/product/ HTTP/1.1" 200 13714
INFO 2023-09-24 22:26:59,133 basehttp 9696 364 "GET /admin/jsi18n/ HTTP/1.1" 200 16066
INFO 2023-09-24 22:27:07,685 basehttp 9696 364 "POST /admin/lec_05/product/ HTTP/1.1" 302 0
INFO 2023-09-24 22:27:07,705 basehttp 9696 364 "GET /admin/lec_05/product/ HTTP/1.1" 200 13712
INFO 2023-09-24 22:27:07,743 basehttp 9696 364 "GET /admin/jsi18n/ HTTP/1.1" 200 16066
INFO 2023-09-24 22:27:41,332 basehttp 9696 364 "GET /admin/ HTTP/1.1" 200 10966
INFO 2023-09-24 22:27:49,194 basehttp 9696 364 "GET /admin/lec_05/product/4/change/ HTTP/1.1" 200 14447
INFO 2023-09-24 22:27:49,228 basehttp 9696 364 "GET /admin/jsi18n/ HTTP/1.1" 200 16066
INFO 2023-09-24 22:27:51,653 basehttp 9696 364 "GET /admin/lec_05/product/ HTTP/1.1" 200 13712
INFO 2023-09-24 22:27:51,683 basehttp 9696 364 "GET /admin/jsi18n/ HTTP/1.1" 200 16066
INFO 2023-09-24 22:29:10,385 basehttp 9696 364 "GET /admin/lec_05/product/1/change/ HTTP/1.1" 200 14445
INFO 2023-09-24 22:29:10,422 basehttp 9696 364 "GET /admin/jsi18n/ HTTP/1.1" 200 16066
INFO 2023-09-24 22:29:17,605 basehttp 9696 364 "GET /admin/lec_05/product/ HTTP/1.1" 200 13712
INFO 2023-09-24 22:29:17,633 basehttp 9696 364 "GET /admin/jsi18n/ HTTP/1.1" 200 16066
INFO 2023-09-24 22:29:19,408 basehttp 9696 364 "GET /admin/lec_05/product/4/change/ HTTP/1.1" 200 14447
INFO 2023-09-24 22:29:19,434 basehttp 9696 364 "GET /admin/jsi18n/ HTTP/1.1" 200 16066
INFO 2023-09-24 22:32:24,100 autoreload 9696 12016 D:\GB_Django\lectures_project\lec_05\admin.py changed, reloading.
INFO 2023-09-24 22:32:24,726 autoreload 3032 7516 Watching for file changes with StatReloader
INFO 2023-09-24 22:32:29,334 basehttp 3032 19764 "GET /admin/lec_05/product/4/change/ HTTP/1.1" 200 13672
INFO 2023-09-24 22:32:29,370 basehttp 3032 19764 "GET /admin/jsi18n/ HTTP/1.1" 200 16066
INFO 2023-09-24 22:32:32,511 basehttp 3032 19764 "GET /admin/lec_05/product/ HTTP/1.1" 200 13712
INFO 2023-09-24 22:32:35,255 basehttp 3032 19764 "GET /admin/lec_05/product/1/change/ HTTP/1.1" 200 13668
INFO 2023-09-24 22:32:35,282 basehttp 3032 19764 "GET /admin/jsi18n/ HTTP/1.1" 200 16066
INFO 2023-09-24 22:34:17,447 autoreload 3032 7516 D:\GB_Django\lectures_project\lec_05\admin.py changed, reloading.
INFO 2023-09-24 22:34:18,130 autoreload 2584 5944 Watching for file changes with StatReloader
INFO 2023-09-24 22:46:25,430 autoreload 2584 5944 D:\GB_Django\lectures_project\lec_05\admin.py changed, reloading.
INFO 2023-09-24 22:46:26,228 autoreload 7148 3088 Watching for file changes with StatReloader
INFO 2023-09-24 22:48:41,312 autoreload 7148 3088 D:\GB_Django\lectures_project\lec_05\admin.py changed, reloading.
INFO 2023-09-24 22:48:41,948 autoreload 16768 16240 Watching for file changes with StatReloader
INFO 2023-09-24 22:49:00,164 basehttp 16768 20044 "GET /admin/lec_05/product/ HTTP/1.1" 200 13712
INFO 2023-09-24 22:49:00,203 basehttp 16768 20044 "GET /admin/jsi18n/ HTTP/1.1" 200 16066
INFO 2023-09-24 22:49:11,941 basehttp 16768 20044 "GET /admin/lec_05/product/1/change/ HTTP/1.1" 200 15582
INFO 2023-09-24 22:49:11,975 basehttp 16768 7320 "GET /admin/jsi18n/ HTTP/1.1" 200 16066
INFO 2023-09-24 22:49:12,000 basehttp 16768 20044 "GET /static/admin/js/collapse.js HTTP/1.1" 200 1803
INFO 2023-09-24 22:52:50,479 autoreload 16768 16240 D:\GB_Django\lectures_project\lec_05\admin.py changed, reloading.
INFO 2023-09-24 22:52:51,112 autoreload 16188 5356 Watching for file changes with StatReloader
INFO 2023-09-24 22:53:08,757 autoreload 16188 5356 D:\GB_Django\lectures_project\lec_05\admin.py changed, reloading.
INFO 2023-09-24 22:53:09,404 autoreload 4004 18732 Watching for file changes with StatReloader
INFO 2023-09-24 22:53:11,590 basehttp 4004 19120 "GET /admin/lec_05/product/1/change/ HTTP/1.1" 200 15582
INFO 2023-09-24 22:53:11,625 basehttp 4004 19120 "GET /admin/jsi18n/ HTTP/1.1" 200 16066
INFO 2023-09-24 22:53:16,859 basehttp 4004 19120 "POST /admin/logout/ HTTP/1.1" 200 3709
INFO 2023-09-24 22:53:18,870 basehttp 4004 19120 "GET /admin/ HTTP/1.1" 302 0
INFO 2023-09-24 22:53:18,880 basehttp 4004 19120 "GET /admin/login/?next=/admin/ HTTP/1.1" 200 4267
INFO 2023-09-24 22:53:26,586 basehttp 4004 19120 "POST /admin/login/?next=/admin/ HTTP/1.1" 302 0
INFO 2023-09-24 22:53:26,602 basehttp 4004 19120 "GET /admin/ HTTP/1.1" 200 5659
INFO 2023-09-24 22:53:31,848 basehttp 4004 19120 "GET /admin/lec_03/post/ HTTP/1.1" 200 17370
INFO 2023-09-24 22:53:33,947 basehttp 4004 19120 "GET /admin/lec_03/post/add/ HTTP/1.1" 200 9769
INFO 2023-09-24 22:53:33,972 basehttp 4004 19120 "GET /admin/jsi18n/ HTTP/1.1" 200 16066
INFO 2023-09-24 22:53:40,075 basehttp 4004 19120 "GET /admin/lec_03/post/ HTTP/1.1" 200 17370
INFO 2023-09-24 22:53:41,544 basehttp 4004 19120 "GET /admin/lec_03/post/99/change/ HTTP/1.1" 200 10390
INFO 2023-09-24 22:53:41,573 basehttp 4004 19120 "GET /admin/jsi18n/ HTTP/1.1" 200 16066
INFO 2023-09-24 22:53:47,827 basehttp 4004 19120 "GET /admin/lec_03/post/ HTTP/1.1" 200 17370
